<?xml version="1.0" encoding="UTF-8"?>
<!-- Generated by org.testng.reporters.JUnitReportReporter -->
<testsuite hostname="DESKTOP-CG51U2J" failures="0" tests="1" name="testCases.TC001_AccountRegistrationTest" time="5.408" errors="0" timestamp="2025-02-24T14:14:27 IST" skipped="0">
  <testcase classname="testCases.TC001_AccountRegistrationTest" name="verify_account_registration" time="5.408"/>
</testsuite> <!-- testCases.TC001_AccountRegistrationTest -->
